<?xml version="1.0" encoding="UTF-8"?>
<!-- Generated by org.testng.reporters.JUnitXMLReporter -->
<testsuite hostname="DESKTOP-DR53LUO" name="Default test" tests="7" failures="0" timestamp="10 Oct 2016 05:43:54 GMT" time="0.061" errors="0">
  <testcase name="testJson" time="0.01" classname="javaGenericScript.ProcessTwoDimArray"/>
  <testcase name="testJson" time="0.002" classname="javaGenericScript.ProcessTwoDimArray"/>
  <testcase name="testJson" time="0.003" classname="javaGenericScript.ProcessTwoDimArray"/>
  <testcase name="testJson" time="0.002" classname="javaGenericScript.ProcessTwoDimArray"/>
  <testcase name="testJson" time="0.001" classname="javaGenericScript.ProcessTwoDimArray"/>
  <testcase name="testJson" time="0.001" classname="javaGenericScript.ProcessTwoDimArray"/>
  <testcase name="testJson" time="0.002" classname="javaGenericScript.ProcessTwoDimArray"/>
</testsuite> <!-- Default test -->
